

times in msec
 clock   self+sourced   self:  sourced script
 clock   elapsed:              other lines

003.151  003.151: --- NVIM STARTING ---
059.459  056.308: locale set
098.940  039.480: inits 1
098.965  000.026: window checked
104.205  005.239: parsing arguments
104.265  000.061: expanding arguments
104.382  000.116: inits 2
105.381  000.999: init highlight
117.394  009.883  009.883: sourcing /home/novakane/.config/nvim/colors/aize.vim
117.515  000.032  000.032: sourcing /home/novakane/.config/nvim/autoload/colors.vim
118.014  000.252  000.252: sourcing /home/novakane/.config/nvim/config/01_mappings.vim
120.430  002.318  002.318: sourcing /home/novakane/.config/nvim/autoload/plug.vim
131.419  000.034  000.034: sourcing /home/novakane/.local/share/nvim/plugged/rust.vim/ftdetect/rust.vim
133.872  000.069  000.069: sourcing /home/novakane/.config/nvim/filetype.vim
145.168  000.021  000.021: sourcing /home/novakane/.local/share/nvim/plugged/vim-fugitive/ftdetect/fugitive.vim
145.478  000.028  000.028: sourcing /home/novakane/.local/share/nvim/plugged/scss-syntax.vim/ftdetect/scss.vim
145.558  000.018  000.018: sourcing /home/novakane/.local/share/nvim/plugged/vim-less/ftdetect/less.vim
145.742  000.032  000.032: sourcing /home/novakane/.local/share/nvim/plugged/vim-stylus/ftdetect/stylus.vim
145.963  000.158  000.158: sourcing /home/novakane/.local/share/nvim/plugged/vim-javascript/ftdetect/javascript.vim
146.104  000.078  000.078: sourcing /home/novakane/.local/share/nvim/plugged/vim-jsx/ftdetect/javascript.vim
146.203  000.022  000.022: sourcing /home/novakane/.local/share/nvim/plugged/vim-vue/ftdetect/vue.vim
146.367  000.071  000.071: sourcing /home/novakane/.local/share/nvim/plugged/vim-markdown/ftdetect/markdown.vim
146.465  000.034  000.034: sourcing /home/novakane/.local/share/nvim/plugged/vim-sxhkdrc/ftdetect/sxhkdrc.vim
146.799  012.526  012.064: sourcing /tmp/.mount_nvovQSDR/usr/share/nvim/runtime/filetype.vim
148.152  000.898  000.898: sourcing /tmp/.mount_nvovQSDR/usr/share/nvim/runtime/ftplugin.vim
149.449  000.924  000.924: sourcing /tmp/.mount_nvovQSDR/usr/share/nvim/runtime/indent.vim
152.178  000.429  000.429: sourcing /tmp/.mount_nvovQSDR/usr/share/nvim/runtime/syntax/syncolor.vim
153.757  000.351  000.351: sourcing /tmp/.mount_nvovQSDR/usr/share/nvim/runtime/syntax/syncolor.vim
160.745  009.925  009.144: sourcing /home/novakane/.config/nvim/colors/aize.vim
160.910  010.197  000.273: sourcing /tmp/.mount_nvovQSDR/usr/share/nvim/runtime/syntax/synload.vim
160.975  011.218  001.020: sourcing /tmp/.mount_nvovQSDR/usr/share/nvim/runtime/syntax/syntax.vim
161.010  042.970  014.983: sourcing /home/novakane/.config/nvim/config/02_plugins.vim
161.390  000.348  000.348: sourcing /home/novakane/.config/nvim/config/03_plugins_config.vim
161.716  000.300  000.300: sourcing /home/novakane/.config/nvim/config/autocomplete.vim
161.931  000.189  000.189: sourcing /home/novakane/.config/nvim/config/fuzzy.vim
162.071  000.116  000.116: sourcing /home/novakane/.config/nvim/config/languages.vim
162.182  000.090  000.090: sourcing /home/novakane/.config/nvim/config/linter.vim
162.320  000.116  000.116: sourcing /home/novakane/.config/nvim/config/statusline.vim
162.519  056.765  002.469: sourcing /home/novakane/.config/nvim/init.vim
162.527  000.381: sourcing vimrc file(s)
163.249  000.115  000.115: sourcing /home/novakane/.local/share/nvim/plugged/coc.nvim/autoload/coc/rpc.vim
164.230  000.901  000.901: sourcing /home/novakane/.local/share/nvim/plugged/coc.nvim/autoload/coc/util.vim
164.688  000.274  000.274: sourcing /home/novakane/.local/share/nvim/plugged/coc.nvim/autoload/coc/client.vim
167.767  004.729  003.439: sourcing /home/novakane/.local/share/nvim/plugged/coc.nvim/plugin/coc.vim
169.653  000.212  000.212: sourcing /home/novakane/.local/share/nvim/plugged/ale/autoload/ale/events.vim
170.214  002.244  002.032: sourcing /home/novakane/.local/share/nvim/plugged/ale/plugin/ale.vim
170.412  000.062  000.062: sourcing /home/novakane/.local/share/nvim/plugged/vim-snippets/plugin/vimsnippets.vim
171.043  000.530  000.530: sourcing /home/novakane/.local/share/nvim/plugged/vim-signify/plugin/signify.vim
171.689  000.464  000.464: sourcing /home/novakane/.local/share/nvim/plugged/vim-fugitive/plugin/fugitive.vim
172.651  000.835  000.835: sourcing /home/novakane/.local/share/nvim/plugged/fzf/plugin/fzf.vim
174.184  001.398  001.398: sourcing /home/novakane/.local/share/nvim/plugged/fzf.vim/plugin/fzf.vim
174.698  000.391  000.391: sourcing /home/novakane/.local/share/nvim/plugged/vim-gutentags/plugin/gutentags.vim
174.961  000.154  000.154: sourcing /home/novakane/.local/share/nvim/plugged/vim-cursorword/plugin/cursorword.vim
175.334  000.274  000.274: sourcing /home/novakane/.local/share/nvim/plugged/vim-commentary/plugin/commentary.vim
175.682  000.242  000.242: sourcing /home/novakane/.local/share/nvim/plugged/lexima.vim/plugin/lexima.vim
176.680  000.892  000.892: sourcing /home/novakane/.local/share/nvim/plugged/vim-surround/plugin/surround.vim
179.430  001.075  001.075: sourcing /home/novakane/.local/share/nvim/plugged/editorconfig-vim/plugin/editorconfig.vim
180.241  000.222  000.222: sourcing /home/novakane/.local/share/nvim/plugged/vim-flow/plugin/flow.vim
183.937  003.456  003.456: sourcing /home/novakane/.local/share/nvim/plugged/vim-devicons/plugin/webdevicons.vim
186.426  001.296  001.296: sourcing /tmp/.mount_nvovQSDR/usr/share/nvim/runtime/plugin/gzip.vim
186.563  000.056  000.056: sourcing /tmp/.mount_nvovQSDR/usr/share/nvim/runtime/plugin/health.vim
186.834  000.205  000.205: sourcing /tmp/.mount_nvovQSDR/usr/share/nvim/runtime/plugin/man.vim
187.870  000.970  000.970: sourcing /tmp/.mount_nvovQSDR/usr/share/nvim/runtime/plugin/matchit.vim
188.408  000.395  000.395: sourcing /tmp/.mount_nvovQSDR/usr/share/nvim/runtime/plugin/matchparen.vim
189.773  001.264  001.264: sourcing /tmp/.mount_nvovQSDR/usr/share/nvim/runtime/plugin/netrwPlugin.vim
190.167  000.021  000.021: sourcing /home/novakane/.local/share/nvim/rplugin.vim
190.180  000.309  000.288: sourcing /tmp/.mount_nvovQSDR/usr/share/nvim/runtime/plugin/rplugin.vim
190.547  000.302  000.302: sourcing /tmp/.mount_nvovQSDR/usr/share/nvim/runtime/plugin/shada.vim
190.732  000.079  000.079: sourcing /tmp/.mount_nvovQSDR/usr/share/nvim/runtime/plugin/spellfile.vim
191.189  000.382  000.382: sourcing /tmp/.mount_nvovQSDR/usr/share/nvim/runtime/plugin/tarPlugin.vim
191.463  000.191  000.191: sourcing /tmp/.mount_nvovQSDR/usr/share/nvim/runtime/plugin/tohtml.vim
191.613  000.068  000.068: sourcing /tmp/.mount_nvovQSDR/usr/share/nvim/runtime/plugin/tutor.vim
192.054  000.360  000.360: sourcing /tmp/.mount_nvovQSDR/usr/share/nvim/runtime/plugin/zipPlugin.vim
192.082  006.709: loading plugins
192.303  000.221: loading packages
192.559  000.256: loading after plugins
192.583  000.023: inits 3
197.263  004.681: reading ShaDa
199.761  002.498: clearing screen
200.857  000.424  000.424: sourcing /home/novakane/.local/share/nvim/plugged/ale/autoload/ale.vim
201.046  000.862: opening buffers
201.458  000.112  000.112: sourcing /home/novakane/.local/share/nvim/plugged/vim-cursorword/autoload/cursorword.vim
201.517  000.359: BufEnter autocommands
201.522  000.005: editing files in windows
203.511  000.731  000.731: sourcing /home/novakane/.local/share/nvim/plugged/vim-gutentags/autoload/gutentags.vim
203.963  001.711: VimEnter autocommands
206.801  001.670  001.670: sourcing /tmp/.mount_nvovQSDR/usr/share/nvim/runtime/autoload/provider/clipboard.vim
206.840  001.207: before starting main loop
220.505  011.455  011.455: sourcing /home/novakane/.local/share/nvim/plugged/vim-fugitive/autoload/fugitive.vim
221.348  000.543  000.543: sourcing /home/novakane/.local/share/nvim/plugged/ale/autoload/ale/statusline.vim
222.832  001.141  001.141: sourcing /home/novakane/.local/share/nvim/plugged/coc.nvim/autoload/coc.vim
224.197  004.217: first screen update
224.204  000.007: --- NVIM STARTED ---
